<?xml version="1.0" encoding="UTF-8" ?>
<testsuite failures="0" time="0.03" errors="0" skipped="0" tests="10" name="org.apache.log4j.or.ORTestCase">
  <properties>
[...]
</properties>
  <testcase time="0.005" classname="org.apache.log4j.or.ORTestCase" name="test1"/>
  <testcase time="0" classname="org.apache.log4j.or.ORTestCase" name="test2"/>
  <testcase time="0" classname="org.apache.log4j.or.ORTestCase" name="test3"/>
  <testcase time="0" classname="org.apache.log4j.or.ORTestCase" name="test4"/>
  <testcase time="0" classname="org.apache.log4j.or.ORTestCase" name="test5"/>
  <testcase time="0" classname="org.apache.log4j.or.ORTestCase" name="test6"/>
  <testcase time="0" classname="org.apache.log4j.or.ORTestCase" name="test7"/>
  <testcase time="0" classname="org.apache.log4j.or.ORTestCase" name="test8"/>
  <testcase time="0.001" classname="org.apache.log4j.or.ORTestCase" name="test9"/>
  <testcase time="0" classname="org.apache.log4j.or.ORTestCase" name="test10"/>
</testsuite>