<?xml version="1.0" encoding="UTF-8" ?>
<testsuite failures="0" time="0.395" errors="0" skipped="0" tests="10" name="org.apache.log4j.xml.DOMTestCase">
  <properties>
[...]
</properties>
  <testcase time="0.241" classname="org.apache.log4j.xml.DOMTestCase" name="test1"/>
  <testcase time="0.041" classname="org.apache.log4j.xml.DOMTestCase" name="test4"/>
  <testcase time="0.017" classname="org.apache.log4j.xml.DOMTestCase" name="testJarURL"/>
  <testcase time="0.007" classname="org.apache.log4j.xml.DOMTestCase" name="testReset"/>
  <testcase time="0.013" classname="org.apache.log4j.xml.DOMTestCase" name="testCategoryFactory1"/>
  <testcase time="0.008" classname="org.apache.log4j.xml.DOMTestCase" name="testCategoryFactory2"/>
  <testcase time="0.006" classname="org.apache.log4j.xml.DOMTestCase" name="testLoggerFactory1"/>
  <testcase time="0.012" classname="org.apache.log4j.xml.DOMTestCase" name="testConfigureAndWatch"/>
  <testcase time="0.01" classname="org.apache.log4j.xml.DOMTestCase" name="testOverrideSubst"/>
  <testcase time="0.008" classname="org.apache.log4j.xml.DOMTestCase" name="testThrowableRenderer1"/>
</testsuite>